991674347
991674347
991674347
991674347
991674347
991674347
991674347
991674347
991674347
991674347
991674347
991674347
991674347
991674347
991674347
991674347
991674347
991674347
991674347
991674347
991674347
991674347
991674347
991674347
991674347
991674347
991674347
991674347
991674347
991674347
991674347
991674347
991674347
991674347
991674347
991674347
991674347
991674347
991674347
991674347
991674347
991674347
991674347
991674347
991674347
991674347
991674347
991674347
991674347
991674347
991674347
991674347
991674347
991674347
991674347
991674347
991674347
991674347
991674347
991674347
991674347
991674347
991674347
991674347
991674347
991674347
991674347
991674347
991674347
991674347
991674347
991674347
991674347
991674347
991674347
991674347
991674347
991674347
991674347
992737298
992737298
992737298
992737298
992737298
992737298
992737298
992737298
992737298
992737298
992737298
992737298
992737298
992737298
992737298
992737298
992737298
992737298
992737298
992737298
992737298
992737298
992737298
992737298
992737298
992737298
