969123403
969123403
969123403
969123403
969123403
969123403
969123403
969123403
969123403
969123403
969123403
969123403
969123403
969123403
969123403
969123403
969123403
974535336
974535336
974535336
974535336
974535336
974535336
974535336
974535336
974535336
974535336
974535336
974535336
974535336
974535336
999004092
999004092
999004092
999004092
999004092
999004092
999004092
999004092
999004092
999004092
999004092
999004092
999004092
999004092
999004092
999004092
999004092
999004092
999004092
999004092
999004092
999004092
999004092
999004092
999004092
999004092
999004092
999004092
999004092
999004092
999004092
999004092
999004092
999004092
999004092
999004092
999004092
999004092
999004092
999004092
999004092
999004092
999004092
999004092
999004092
999004092
999004092
999004092
999004092
999004092
999004092
999004092
999004092
999004092
999004092
999004092
999004092
999004092
999004092
999004092
999004092
999004092
999004092
999004092
999004092
999004092
999004092
999004092
999004092
999004092
999004092
999004092
999004092
999004092
999004092
999004092
999004092
999004092
999004092
999004092
999004092
999004092
999004092
999004092
999004092
999004092
999004092
999004092
999004092
999004092
999004092
999004092
999004092
999004092
999004092
999004092
999004092
999004092
999004092
999004092
999004092
999004092
999004092
999004092
999004092
999004092
999004092
999004092
999004092
999004092
999004092
999004092
